Compiled jquery.js  (15ms)  (pid 1003)
Compiled jquery_ujs.js  (1ms)  (pid 1003)
Compiled admin/bootstrap.js  (1ms)  (pid 1003)
Compiled admin/bootstrap.min.js  (1ms)  (pid 1003)
Compiled pitems.js  (517ms)  (pid 1003)
Compiled tasks.js  (2ms)  (pid 1003)
Compiled jquery-ui.js  (53ms)  (pid 1003)
Compiled twitter/bootstrap/affix.js  (1ms)  (pid 1003)
Compiled twitter/bootstrap/alert.js  (1ms)  (pid 1003)
Compiled twitter/bootstrap/button.js  (1ms)  (pid 1003)
Compiled twitter/bootstrap/carousel.js  (1ms)  (pid 1003)
Compiled twitter/bootstrap/collapse.js  (1ms)  (pid 1003)
Compiled twitter/bootstrap/dropdown.js  (1ms)  (pid 1003)
Compiled twitter/bootstrap/modal.js  (1ms)  (pid 1003)
Compiled twitter/bootstrap/tooltip.js  (1ms)  (pid 1003)
Compiled twitter/bootstrap/popover.js  (1ms)  (pid 1003)
Compiled twitter/bootstrap/scrollspy.js  (1ms)  (pid 1003)
Compiled twitter/bootstrap/tab.js  (1ms)  (pid 1003)
Compiled twitter/bootstrap/transition.js  (1ms)  (pid 1003)
Compiled twitter/bootstrap/typeahead.js  (1ms)  (pid 1003)
Compiled twitter/bootstrap.js  (626ms)  (pid 1003)
Compiled application.js  (1782ms)  (pid 1003)
Compiled twitter/bootstrap.css  (3673ms)  (pid 1003)
Compiled admin/bootstrap.css  (152ms)  (pid 1003)
Compiled pitems.css  (94ms)  (pid 1003)
Compiled tasks.css  (7ms)  (pid 1003)
Compiled application.css  (4169ms)  (pid 1003)
Compiled jquery.js  (14ms)  (pid 1029)
Compiled jquery_ujs.js  (9ms)  (pid 1029)
Compiled admin/bootstrap.js  (1ms)  (pid 1029)
Compiled admin/bootstrap.min.js  (1ms)  (pid 1029)
Compiled pitems.js  (488ms)  (pid 1029)
Compiled tasks.js  (2ms)  (pid 1029)
Compiled jquery-ui.js  (54ms)  (pid 1029)
Compiled twitter/bootstrap/affix.js  (1ms)  (pid 1029)
Compiled twitter/bootstrap/alert.js  (1ms)  (pid 1029)
Compiled twitter/bootstrap/button.js  (1ms)  (pid 1029)
Compiled twitter/bootstrap/carousel.js  (1ms)  (pid 1029)
Compiled twitter/bootstrap/collapse.js  (1ms)  (pid 1029)
Compiled twitter/bootstrap/dropdown.js  (1ms)  (pid 1029)
Compiled twitter/bootstrap/modal.js  (1ms)  (pid 1029)
Compiled twitter/bootstrap/tooltip.js  (1ms)  (pid 1029)
Compiled twitter/bootstrap/popover.js  (1ms)  (pid 1029)
Compiled twitter/bootstrap/scrollspy.js  (1ms)  (pid 1029)
Compiled twitter/bootstrap/tab.js  (1ms)  (pid 1029)
Compiled twitter/bootstrap/transition.js  (1ms)  (pid 1029)
Compiled twitter/bootstrap/typeahead.js  (1ms)  (pid 1029)
Compiled twitter/bootstrap.js  (636ms)  (pid 1029)
Compiled application.js  (1709ms)  (pid 1029)
Compiled twitter/bootstrap.css  (5070ms)  (pid 1029)
Compiled admin/bootstrap.css  (11ms)  (pid 1029)
Compiled pitems.css  (200ms)  (pid 1029)
Compiled tasks.css  (11ms)  (pid 1029)
Compiled application.css  (5428ms)  (pid 1029)
Compiled jquery.js  (14ms)  (pid 1029)
Compiled jquery_ujs.js  (6ms)  (pid 1029)
Compiled admin/bootstrap.js  (9ms)  (pid 1029)
Compiled admin/bootstrap.min.js  (5ms)  (pid 1029)
Compiled pitems.js  (639ms)  (pid 1029)
Compiled tasks.js  (6ms)  (pid 1029)
Compiled jquery-ui.js  (61ms)  (pid 1029)
Compiled twitter/bootstrap/affix.js  (1ms)  (pid 1029)
Compiled twitter/bootstrap/alert.js  (1ms)  (pid 1029)
Compiled twitter/bootstrap/button.js  (1ms)  (pid 1029)
Compiled twitter/bootstrap/carousel.js  (1ms)  (pid 1029)
Compiled twitter/bootstrap/collapse.js  (1ms)  (pid 1029)
Compiled twitter/bootstrap/dropdown.js  (4ms)  (pid 1029)
Compiled twitter/bootstrap/modal.js  (1ms)  (pid 1029)
Compiled twitter/bootstrap/tooltip.js  (5ms)  (pid 1029)
Compiled twitter/bootstrap/popover.js  (1ms)  (pid 1029)
Compiled twitter/bootstrap/scrollspy.js  (5ms)  (pid 1029)
Compiled twitter/bootstrap/tab.js  (1ms)  (pid 1029)
Compiled twitter/bootstrap/transition.js  (5ms)  (pid 1029)
Compiled twitter/bootstrap/typeahead.js  (1ms)  (pid 1029)
Compiled twitter/bootstrap.js  (720ms)  (pid 1029)
Compiled application.js  (1705ms)  (pid 1029)
Compiled twitter/bootstrap.css  (3432ms)  (pid 1029)
Compiled admin/bootstrap.css  (7ms)  (pid 1029)
Compiled pitems.css  (204ms)  (pid 1029)
Compiled tasks.css  (7ms)  (pid 1029)
Compiled application.css  (3778ms)  (pid 1029)
Compiled jquery.js  (28ms)  (pid 1055)
Compiled jquery_ujs.js  (1ms)  (pid 1055)
Compiled admin/bootstrap.js  (1ms)  (pid 1055)
Compiled admin/bootstrap.min.js  (1ms)  (pid 1055)
Compiled pitems.js  (712ms)  (pid 1055)
Compiled tasks.js  (17ms)  (pid 1055)
Compiled jquery-ui.js  (105ms)  (pid 1055)
Compiled twitter/bootstrap/affix.js  (1ms)  (pid 1055)
Compiled twitter/bootstrap/alert.js  (5ms)  (pid 1055)
Compiled twitter/bootstrap/button.js  (1ms)  (pid 1055)
Compiled twitter/bootstrap/carousel.js  (1ms)  (pid 1055)
Compiled twitter/bootstrap/collapse.js  (1ms)  (pid 1055)
Compiled twitter/bootstrap/dropdown.js  (5ms)  (pid 1055)
Compiled twitter/bootstrap/modal.js  (1ms)  (pid 1055)
Compiled twitter/bootstrap/tooltip.js  (1ms)  (pid 1055)
Compiled twitter/bootstrap/popover.js  (1ms)  (pid 1055)
Compiled twitter/bootstrap/scrollspy.js  (1ms)  (pid 1055)
Compiled twitter/bootstrap/tab.js  (1ms)  (pid 1055)
Compiled twitter/bootstrap/transition.js  (1ms)  (pid 1055)
Compiled twitter/bootstrap/typeahead.js  (1ms)  (pid 1055)
Compiled twitter/bootstrap.js  (833ms)  (pid 1055)
Compiled application.js  (2249ms)  (pid 1055)
Compiled twitter/bootstrap.css  (3440ms)  (pid 1055)
Compiled admin/bootstrap.css  (3ms)  (pid 1055)
Compiled pitems.css  (115ms)  (pid 1055)
Compiled tasks.css  (4ms)  (pid 1055)
Compiled application.css  (3920ms)  (pid 1055)
Compiled jquery.js  (13ms)  (pid 1055)
Compiled jquery_ujs.js  (5ms)  (pid 1055)
Compiled admin/bootstrap.js  (10ms)  (pid 1055)
Compiled admin/bootstrap.min.js  (1ms)  (pid 1055)
Compiled pitems.js  (549ms)  (pid 1055)
Compiled tasks.js  (6ms)  (pid 1055)
Compiled jquery-ui.js  (57ms)  (pid 1055)
Compiled twitter/bootstrap/affix.js  (4ms)  (pid 1055)
Compiled twitter/bootstrap/alert.js  (5ms)  (pid 1055)
Compiled twitter/bootstrap/button.js  (5ms)  (pid 1055)
Compiled twitter/bootstrap/carousel.js  (1ms)  (pid 1055)
Compiled twitter/bootstrap/collapse.js  (1ms)  (pid 1055)
Compiled twitter/bootstrap/dropdown.js  (5ms)  (pid 1055)
Compiled twitter/bootstrap/modal.js  (1ms)  (pid 1055)
Compiled twitter/bootstrap/tooltip.js  (1ms)  (pid 1055)
Compiled twitter/bootstrap/popover.js  (1ms)  (pid 1055)
Compiled twitter/bootstrap/scrollspy.js  (1ms)  (pid 1055)
Compiled twitter/bootstrap/tab.js  (1ms)  (pid 1055)
Compiled twitter/bootstrap/transition.js  (1ms)  (pid 1055)
Compiled twitter/bootstrap/typeahead.js  (1ms)  (pid 1055)
Compiled twitter/bootstrap.js  (683ms)  (pid 1055)
Compiled application.js  (1589ms)  (pid 1055)
Compiled twitter/bootstrap.css  (3396ms)  (pid 1055)
Compiled admin/bootstrap.css  (9ms)  (pid 1055)
Compiled pitems.css  (194ms)  (pid 1055)
Compiled tasks.css  (8ms)  (pid 1055)
Compiled application.css  (3723ms)  (pid 1055)
